/usr/sbin/mysqld, Version: 8.0.36 (MySQL Community Server - GPL). started with:
Tcp port: 3306  Unix socket: /var/run/mysqld/mysqld.sock
Time                 Id Command    Argument
# Time: 2024-04-23T04:00:01.840580Z
# User@Host: root[root] @  [192.168.80.4]  Id:    19
# Query_time: 1.485976  Lock_time: 0.000002 Rows_sent: 0  Rows_examined: 0
use mineadmin;
SET timestamp=1713844800;
insert into `baccarat_terrace_deck` (`terrace_id`, `deck_number`, `updated_at`, `created_at`) values ('1', '40', '2024-04-23 00:00:00', '2024-04-23 00:00:00');
# Time: 2024-04-23T04:00:04.348778Z
# User@Host: root[root] @  [192.168.80.4]  Id:   291
# Query_time: 3.101336  Lock_time: 0.000018 Rows_sent: 0  Rows_examined: 0
SET timestamp=1713844801;
SET GLOBAL slow_query_log = 'ON';
# Time: 2024-04-23T04:00:01.315459Z
# User@Host: root[root] @  [192.168.80.4]  Id:    21
# Query_time: 1.963912  Lock_time: 0.000002 Rows_sent: 0  Rows_examined: 0
SET timestamp=1713844799;
insert into `baccarat_lottery_log_202417` (`issue`, `terrace_deck_id`, `updated_at`, `created_at`) values ('523366471', '51728', '2024-04-22 23:59:59', '2024-04-22 23:59:59');
# Time: 2024-04-23T04:00:01.840580Z
# User@Host: root[root] @  [192.168.80.4]  Id:    18
# Query_time: 1.488295  Lock_time: 0.000002 Rows_sent: 0  Rows_examined: 0
SET timestamp=1713844800;
insert into `baccarat_terrace_deck` (`terrace_id`, `deck_number`, `updated_at`, `created_at`) values ('23', '45', '2024-04-23 00:00:00', '2024-04-23 00:00:00');
# Time: 2024-04-23T04:00:02.246994Z
# User@Host: root[root] @  [192.168.80.4]  Id:    28
# Query_time: 1.378412  Lock_time: 0.000002 Rows_sent: 0  Rows_examined: 1
SET timestamp=1713844800;
update `baccarat_lottery_log_202417` set `result` = 'H.6,D.6,H.3,C.1,,', `transformationResult` = 'P', `RawData` = '{\"rs\":523366372,\"pk\":\"H.6,D.6,H.3,C.1,,\",\"st\":\"waiting\",\"res\":17,\"map\":\"25-7,13-9,49-8,1-7,37-9,174-8,13-9,77-6,77-8,85-8,74-6,66-7,37-9,25-3,81-6,90-8,25-3,37-9,5-9,73-4,13-9,49-4,53-5,29-2,5-9,25-5,29-6,17-9,41-8,9-3,9-3,85-8,1-7,25-7,65-9,49-6,61-8,37-9,41-8,37-7,25-7,53-7,29-8,53-7,65-7,5-7,85-8,25-5,77-8,1-5,37-9,17-9\",\"res2\":\"2,7,17,18,20,21,22,26\"}', `baccarat_lottery_log_202417`.`updated_at` = '2024-04-23 00:00:00' where `id` = '83232';
# Time: 2024-04-23T04:00:03.439322Z
# User@Host: root[root] @  [192.168.80.4]  Id:    22
# Query_time: 1.278673  Lock_time: 0.000001 Rows_sent: 0  Rows_examined: 0
SET timestamp=1713844802;
insert into `baccarat_terrace_deck` (`terrace_id`, `deck_number`, `updated_at`, `created_at`) values ('15', '54', '2024-04-23 00:00:02', '2024-04-23 00:00:02');
# Time: 2024-04-23T04:00:03.540993Z
# User@Host: root[root] @  [192.168.80.4]  Id:     9
# Query_time: 1.189745  Lock_time: 0.000002 Rows_sent: 0  Rows_examined: 0
SET timestamp=1713844802;
insert into `baccarat_terrace_deck` (`terrace_id`, `deck_number`, `updated_at`, `created_at`) values ('6', '48', '2024-04-23 00:00:02', '2024-04-23 00:00:02');
# Time: 2024-04-23T04:00:03.541037Z
# User@Host: root[root] @  [192.168.80.4]  Id:    10
# Query_time: 1.183077  Lock_time: 0.000001 Rows_sent: 0  Rows_examined: 0
SET timestamp=1713844802;
insert into `baccarat_terrace_deck` (`terrace_id`, `deck_number`, `updated_at`, `created_at`) values ('44', '45', '2024-04-23 00:00:02', '2024-04-23 00:00:02');
# Time: 2024-04-23T04:00:03.541113Z
# User@Host: root[root] @  [192.168.80.4]  Id:    20
# Query_time: 1.181136  Lock_time: 0.000002 Rows_sent: 0  Rows_examined: 0
SET timestamp=1713844802;
insert into `baccarat_terrace_deck` (`terrace_id`, `deck_number`, `updated_at`, `created_at`) values ('39', '45', '2024-04-23 00:00:02', '2024-04-23 00:00:02');
# Time: 2024-04-23T04:00:07.485259Z
# User@Host: root[root] @  [192.168.80.4]  Id:    19
# Query_time: 1.132513  Lock_time: 0.000002 Rows_sent: 0  Rows_examined: 0
SET timestamp=1713844806;
insert into `baccarat_lottery_log_202417` (`issue`, `terrace_deck_id`, `updated_at`, `created_at`) values ('523366496', '53364', '2024-04-23 00:00:06', '2024-04-23 00:00:06');
# Time: 2024-04-23T04:00:47.030008Z
# User@Host: root[root] @  [192.168.80.4]  Id:    26
# Query_time: 1.307435  Lock_time: 0.000002 Rows_sent: 0  Rows_examined: 1
SET timestamp=1713844845;
update `baccarat_lottery_log_202417` set `result` = 'S.6,C.5,C.3,D.12,,', `transformationResult` = 'P', `RawData` = '{\"rs\":523366533,\"pk\":\"S.6,C.5,C.3,D.12,,\",\"st\":\"waiting\",\"res\":17,\"map\":\"27-7,27-7,61-8,53-7,29-6,41-8,29-8,25-7,62-8,1-5,65-9,1-7,17-9\",\"res2\":\"2,7,17,18,20,21,22,30\"}', `baccarat_lottery_log_202417`.`updated_at` = '2024-04-23 00:00:45' where `id` = '83311';
# Time: 2024-04-23T04:00:47.827597Z
# User@Host: root[root] @  [192.168.80.4]  Id:    13
# Query_time: 1.091856  Lock_time: 0.000003 Rows_sent: 0  Rows_examined: 0
SET timestamp=1713844846;
insert into `baccarat_lottery_log_202417` (`issue`, `terrace_deck_id`, `updated_at`, `created_at`) values ('523366606', '53371', '2024-04-23 00:00:46', '2024-04-23 00:00:46');
# Time: 2024-04-23T04:00:47.827668Z
# User@Host: root[root] @  [192.168.80.4]  Id:    14
# Query_time: 2.015218  Lock_time: 0.000003 Rows_sent: 0  Rows_examined: 0
SET timestamp=1713844845;
insert into `baccarat_lottery_log_202417` (`issue`, `terrace_deck_id`, `updated_at`, `created_at`) values ('523366605', '53372', '2024-04-23 00:00:45', '2024-04-23 00:00:45');
# Time: 2024-04-23T04:00:48.942413Z
# User@Host: root[root] @  [192.168.80.4]  Id:    28
# Query_time: 2.154773  Lock_time: 0.000003 Rows_sent: 0  Rows_examined: 1
SET timestamp=1713844846;
update `baccarat_lottery_log_202417` set `result` = 'H.6,C.11,D.6,H.11,H.12,H.9', `transformationResult` = 'B', `RawData` = '{\"rs\":523366526,\"pk\":\"H.6,C.11,D.6,H.11,H.12,H.9\",\"st\":\"waiting\",\"res\":28,\"map\":\"65-9,81-6,5-3,29-8,77-6,77-6,53-7,31-6,29-6,77-8,9-5,31-2,7-9,10-9,53-7,81-6,5-7,25-5,13-9,50-6,21-7,87-8,53-9,77-4,27-1,7-9,49-6,89-8,25-7,65-9,9-7,89-8,53-7,37-9,17-9,28-9\",\"res2\":\"1,4,5,6,12,14,19,21,24,26,27,28,29\"}', `baccarat_lottery_log_202417`.`updated_at` = '2024-04-23 00:00:46' where `id` = '83308';
# Time: 2024-04-23T04:00:48.942579Z
# User@Host: root[root] @  [192.168.80.4]  Id:    11
# Query_time: 1.648363  Lock_time: 0.000003 Rows_sent: 0  Rows_examined: 0
SET timestamp=1713844847;
insert into `baccarat_lottery_log_202417` (`issue`, `terrace_deck_id`, `updated_at`, `created_at`) values ('523366609', '53415', '2024-04-23 00:00:47', '2024-04-23 00:00:47');
# Time: 2024-04-23T04:00:48.942605Z
# User@Host: root[root] @  [192.168.80.4]  Id:    26
# Query_time: 1.801625  Lock_time: 0.000003 Rows_sent: 0  Rows_examined: 1
SET timestamp=1713844847;
update `baccarat_lottery_log_202417` set `result` = 'H.11,C.11,D.4,D.6,D.7,S.3', `transformationResult` = 'B', `RawData` = '{\"rs\":523366518,\"pk\":\"H.11,C.11,D.4,D.6,D.7,S.3\",\"st\":\"waiting\"}', `baccarat_lottery_log_202417`.`updated_at` = '2024-04-23 00:00:47' where `id` = '83301';
# Time: 2024-04-23T04:00:48.942629Z
# User@Host: root[root] @  [192.168.80.4]  Id:    12
# Query_time: 1.123922  Lock_time: 0.000002 Rows_sent: 0  Rows_examined: 1
SET timestamp=1713844847;
update `baccarat_lottery_log_202417` set `result` = 'H.4,S.13,D.6,S.2,S.2,S.4', `transformationResult` = 'B', `RawData` = '{\"rs\":523366515,\"pk\":\"H.4,S.13,D.6,S.2,S.2,S.4\",\"st\":\"waiting\",\"map\":\"65-9,49-8,41-8,85-8,25-7,93-8,81-2,73-2,53-7,25-5,77-4,53-5,13-9,81-2,9-5,17-9,25-7,1-7,1-7,1-7,73-6,87-8,41-8,49-6,5-7,9-3,65-7,13-9,77-6,49-6,61-8,73-6\",\"res2\":\"1,6,14,15,19,23,24,25,29\",\"res\":73}', `baccarat_lottery_log_202417`.`updated_at` = '2024-04-23 00:00:47' where `id` = '83299';
# Time: 2024-04-23T04:00:48.942657Z
# User@Host: root[root] @  [192.168.80.4]  Id:    25
# Query_time: 1.100487  Lock_time: 0.000003 Rows_sent: 0  Rows_examined: 1
SET timestamp=1713844847;
update `baccarat_lottery_log_202417` set `result` = 'C.5,S.11,C.2,H.9,,', `transformationResult` = 'B', `RawData` = '{\"rs\":523366544,\"pk\":\"C.5,S.11,C.2,H.9,,\",\"st\":\"waiting\",\"res\":13,\"map\":\"21-9,176-8,53-1,81-6,93-6,135-9,1-7,77-6,81-2,1-3,49-6,25-7,85-8,13-9,1-9,11-7,21-7,53-7,65-9,5-7,75-6,37-9,25-9,13-9\",\"res2\":\"1,7,14,16,18,19,21,22,29\"}', `baccarat_lottery_log_202417`.`updated_at` = '2024-04-23 00:00:47' where `id` = '83316';
# Time: 2024-04-23T04:00:48.942680Z
# User@Host: root[root] @  [192.168.80.4]  Id:    18
# Query_time: 1.075553  Lock_time: 0.000002 Rows_sent: 0  Rows_examined: 1
SET timestamp=1713844847;
update `baccarat_lottery_log_202417` set `result` = 'H.6,S.5,D.4,H.6,H.4,S.5', `transformationResult` = 'B', `RawData` = '{\"rs\":523366517,\"pk\":\"H.6,S.5,D.4,H.6,H.4,S.5\",\"st\":\"waiting\",\"map\":\"41-8,5-9,21-7,77-6,182-8,1-5,5-9,1-5,89-8,53-5,66-7,1-7,17-9,65-9,65-9,85-8,49-8,49-4,73-4,90-8,53-7,89-8,74-4,41-8,85-8,1-7,25-1,53-7,73-6\",\"res2\":\"1,6,14,15,23,24,25,26,30\",\"res\":73}', `baccarat_lottery_log_202417`.`updated_at` = '2024-04-23 00:00:47' where `id` = '83300';
# Time: 2024-04-23T04:00:48.942729Z
# User@Host: root[root] @  [192.168.80.4]  Id:    23
# Query_time: 1.089481  Lock_time: 0.000004 Rows_sent: 0  Rows_examined: 0
SET timestamp=1713844847;
insert into `baccarat_lottery_log_202417` (`issue`, `terrace_deck_id`, `updated_at`, `created_at`) values ('523366611', '53376', '2024-04-23 00:00:47', '2024-04-23 00:00:47');
# Time: 2024-04-23T04:00:49.484979Z
# User@Host: root[root] @  [192.168.80.4]  Id:    22
# Query_time: 1.185526  Lock_time: 0.000002 Rows_sent: 0  Rows_examined: 0
SET timestamp=1713844848;
insert into `baccarat_lottery_log_202417` (`issue`, `terrace_deck_id`, `updated_at`, `created_at`) values ('523366608', '53366', '2024-04-23 00:00:48', '2024-04-23 00:00:48');
# Time: 2024-04-23T04:00:51.348333Z
# User@Host: [] @  []  Id:    22
# Query_time: 0.037480  Lock_time: 0.000389 Rows_sent: 0  Rows_examined: 0
SET timestamp=1713844851;
throttle:        156 'index not used' warning(s) suppressed.;
# Time: 2024-04-23T04:00:51.350965Z
# User@Host: root[root] @  [192.168.80.4]  Id:    22
# Query_time: 0.000316  Lock_time: 0.000003 Rows_sent: 1  Rows_examined: 13
SET timestamp=1713844851;
select * from `baccarat_terrace` where (`code` = '3001-79') and `baccarat_terrace`.`deleted_at` is null limit 1;
# Time: 2024-04-23T04:00:51.963753Z
# User@Host: root[root] @  [192.168.80.4]  Id:    17
# Query_time: 0.000201  Lock_time: 0.000002 Rows_sent: 1  Rows_examined: 35
SET timestamp=1713844851;
select * from `baccarat_terrace` where (`code` = '3025-1') and `baccarat_terrace`.`deleted_at` is null limit 1;
# Time: 2024-04-23T04:00:52.384632Z
# User@Host: root[root] @  [192.168.80.4]  Id:    23
# Query_time: 0.000210  Lock_time: 0.000003 Rows_sent: 1  Rows_examined: 24
SET timestamp=1713844852;
select * from `baccarat_terrace` where (`code` = '3025-2') and `baccarat_terrace`.`deleted_at` is null limit 1;
# Time: 2024-04-23T04:00:52.390637Z
# User@Host: root[root] @  [192.168.80.4]  Id:    22
# Query_time: 0.000105  Lock_time: 0.000001 Rows_sent: 1  Rows_examined: 5
SET timestamp=1713844852;
select * from `baccarat_terrace` where (`code` = '3025-6') and `baccarat_terrace`.`deleted_at` is null limit 1;
# Time: 2024-04-23T04:00:52.556604Z
# User@Host: root[root] @  [192.168.80.4]  Id:    28
# Query_time: 0.000256  Lock_time: 0.000002 Rows_sent: 1  Rows_examined: 14
SET timestamp=1713844852;
select * from `baccarat_terrace` where (`code` = '3001-90') and `baccarat_terrace`.`deleted_at` is null limit 1;
